build/app/outputs/mapping/release/mapping.txt
# compiler: R8
# compiler_version: 1.5.64
# min_api: 16
# pg_map_id: e6f75ad
...
okio.BufferedSink -> d.d:
    okio.BufferedSink writeUtf8(java.lang.String) -> a
okio.BufferedSource -> d.e:
    okio.ByteString readByteString(long) -> a
    void require(long) -> b
    byte[] readByteArray(long) -> c
    okio.Buffer buffer() -> g
    boolean exhausted() -> h
okio.ByteString -> d.f:
    okio.ByteString EMPTY -> e
    char[] HEX_DIGITS -> d
    byte[] data -> a
    int hashCode -> b
    java.lang.String utf8 -> c
    java.lang.String base64() -> a
    int codePointIndexToCharIndex(java.lang.String,int) -> a
    int compareTo(okio.ByteString) -> a
    okio.ByteString encodeUtf8(java.lang.String) -> a
    byte getByte(int) -> a
    okio.ByteString of(byte[]) -> a
    boolean rangeEquals(int,okio.ByteString,int,int) -> a
    boolean rangeEquals(int,byte[],int,int) -> a
    okio.ByteString substring(int,int) -> a
    void write(okio.Buffer) -> a
    java.lang.String hex() -> b
    boolean startsWith(okio.ByteString) -> b
    int size() -> c
    okio.ByteString toAsciiLowercase() -> d
    byte[] toByteArray() -> e
    java.lang.String utf8() -> f
okio.Okio -> d.g:
    java.util.logging.Logger logger -> a
    okio.BufferedSink buffer(okio.Sink) -> a
    okio.BufferedSource buffer(okio.Source) -> a
    boolean isAndroidGetsocknameError(java.lang.AssertionError) -> a
    okio.Sink sink(java.io.OutputStream,okio.Timeout) -> a
    okio.Sink sink(java.net.Socket) -> a
    okio.Source source(java.io.InputStream,okio.Timeout) -> a
    okio.Source source(java.net.Socket) -> b
    okio.AsyncTimeout timeout(java.net.Socket) -> c
okio.Okio$1 -> d.g$a:
    okio.Timeout val$timeout -> a
    java.io.OutputStream val$out -> b
    void write(okio.Buffer,long) -> a
okio.Okio$2 -> d.g$b:
    okio.Timeout val$timeout -> a
    java.io.InputStream val$in -> b
    long read(okio.Buffer,long) -> b
okio.Okio$4 -> d.g$c:
    java.net.Socket val$socket -> j
    java.io.IOException newTimeoutException(java.io.IOException) -> b
    void timedOut() -> g
okio.RealBufferedSink -> d.h:
    okio.Buffer buffer -> a
    okio.Sink sink -> b
    boolean closed -> c
    okio.BufferedSink emitCompleteSegments() -> a
    void write(okio.Buffer,long) -> a
    okio.BufferedSink writeUtf8(java.lang.String) -> a
okio.RealBufferedSource -> d.i:
    okio.Buffer buffer -> a
    okio.Source source -> b
    boolean closed -> c
    okio.ByteString readByteString(long) -> a
    long read(okio.Buffer,long) -> b
    void require(long) -> b
    byte[] readByteArray(long) -> c
    boolean request(long) -> d
    okio.Buffer buffer() -> g
    boolean exhausted() -> h
okio.Segment -> d.j:
    byte[] data -> a
    boolean owner -> e
    int pos -> b
    okio.Segment prev -> g
    int limit -> c
    okio.Segment next -> f
    boolean shared -> d
    void compact() -> a
    okio.Segment push(okio.Segment) -> a
    okio.Segment split(int) -> a
    void writeTo(okio.Segment,int) -> a
    okio.Segment pop() -> b
okio.SegmentPool -> d.k:
    long byteCount -> b
    okio.Segment next -> a
    void recycle(okio.Segment) -> a
    okio.Segment take() -> a
okio.SegmentedByteString -> d.l:
    int[] directory -> g
    byte[][] segments -> f
    java.lang.String base64() -> a
    byte getByte(int) -> a
    boolean rangeEquals(int,okio.ByteString,int,int) -> a
    boolean rangeEquals(int,byte[],int,int) -> a
    okio.ByteString substring(int,int) -> a
    void write(okio.Buffer) -> a
    java.lang.String hex() -> b
    int segment(int) -> b
    int size() -> c
    okio.ByteString toAsciiLowercase() -> d
    byte[] toByteArray() -> e
    java.lang.String utf8() -> f
    okio.ByteString toByteString() -> j
okio.Sink -> d.m:
    void write(okio.Buffer,long) -> a
okio.Source -> d.n:
    long read(okio.Buffer,long) -> b
okio.Timeout -> d.o:
    long deadlineNanoTime -> b
    long timeoutNanos -> c
    boolean hasDeadline -> a
    long deadlineNanoTime() -> a
    boolean hasDeadline() -> b
    void throwIfReached() -> c
    long timeoutNanos() -> d